2025-05-31 15:18:40,773 - INFO - Starting MUAD training
2025-05-31 15:23:59,614 - INFO - Starting MUAD training
2025-05-31 15:25:26,483 - INFO - Starting MUAD training
2025-05-31 15:25:28,903 - INFO - Starting active learning iteration 1
2025-05-31 15:26:59,462 - INFO - Starting MUAD training
2025-05-31 15:27:02,040 - INFO - Starting active learning iteration 1
2025-05-31 15:27:29,681 - INFO - Starting MUAD training
2025-05-31 15:27:32,026 - INFO - Starting active learning iteration 1
2025-05-31 15:42:44,052 - INFO - Starting MUAD training
2025-05-31 15:42:46,625 - INFO - Starting active learning iteration 1
2025-05-31 15:44:45,957 - INFO - Starting MUAD training
2025-05-31 15:44:48,627 - INFO - Starting active learning iteration 1
2025-05-31 15:56:52,199 - INFO - Starting MUAD training
2025-05-31 15:56:54,981 - INFO - Starting active learning iteration 1
2025-05-31 15:59:53,358 - INFO - Starting MUAD training
2025-05-31 15:59:55,754 - INFO - Starting active learning iteration 1
2025-05-31 16:02:06,489 - INFO - Starting MUAD training
2025-05-31 16:02:09,008 - INFO - Starting active learning iteration 1
2025-05-31 16:11:18,240 - INFO - Starting MUAD training
2025-05-31 16:11:20,674 - INFO - Starting active learning iteration 1
2025-05-31 16:11:21,904 - INFO - Epoch 1/50, Loss: 1.94612
2025-05-31 16:11:22,901 - INFO - Epoch 2/50, Loss: 1.86844
2025-05-31 16:11:23,912 - INFO - Epoch 3/50, Loss: 1.79906
2025-05-31 16:11:24,906 - INFO - Epoch 4/50, Loss: 1.72258
2025-05-31 16:11:25,905 - INFO - Epoch 5/50, Loss: 1.66145
2025-05-31 16:11:28,942 - INFO - Test -- F1: 0.9064, Rec: 1.0000, Pre: 0.8289
2025-05-31 16:11:29,959 - INFO - Epoch 6/50, Loss: 1.59840
2025-05-31 16:11:30,956 - INFO - Epoch 7/50, Loss: 1.55219
2025-05-31 16:11:31,982 - INFO - Epoch 8/50, Loss: 1.52278
2025-05-31 16:11:33,003 - INFO - Epoch 9/50, Loss: 1.50182
2025-05-31 16:11:34,059 - INFO - Epoch 10/50, Loss: 1.45765
2025-05-31 16:11:36,908 - INFO - Test -- F1: 0.9064, Rec: 1.0000, Pre: 0.8289
2025-05-31 16:11:37,930 - INFO - Epoch 11/50, Loss: 1.42151
2025-05-31 16:11:39,045 - INFO - Epoch 12/50, Loss: 1.41207
2025-05-31 16:11:40,215 - INFO - Epoch 13/50, Loss: 1.40529
2025-05-31 16:11:41,355 - INFO - Epoch 14/50, Loss: 1.37068
2025-05-31 16:11:42,475 - INFO - Epoch 15/50, Loss: 1.35797
2025-05-31 16:11:45,672 - INFO - Test -- F1: 0.9064, Rec: 1.0000, Pre: 0.8289
2025-05-31 16:11:47,186 - INFO - Epoch 16/50, Loss: 1.35525
2025-05-31 16:11:48,419 - INFO - Epoch 17/50, Loss: 1.33282
2025-05-31 16:11:49,609 - INFO - Epoch 18/50, Loss: 1.32040
2025-05-31 16:11:50,739 - INFO - Epoch 19/50, Loss: 1.31195
2025-05-31 16:11:51,904 - INFO - Epoch 20/50, Loss: 1.30517
2025-05-31 16:11:55,057 - INFO - Test -- F1: 0.9064, Rec: 1.0000, Pre: 0.8289
2025-05-31 16:11:56,225 - INFO - Epoch 21/50, Loss: 1.25987
2025-05-31 16:11:57,360 - INFO - Epoch 22/50, Loss: 1.25794
2025-05-31 16:11:58,474 - INFO - Epoch 23/50, Loss: 1.25252
2025-05-31 16:11:59,605 - INFO - Epoch 24/50, Loss: 1.23093
2025-05-31 16:12:00,794 - INFO - Epoch 25/50, Loss: 1.20817
2025-05-31 16:12:04,085 - INFO - Test -- F1: 0.9072, Rec: 0.9833, Pre: 0.8421
2025-05-31 16:12:05,268 - INFO - Epoch 26/50, Loss: 1.17564
2025-05-31 16:12:06,398 - INFO - Epoch 27/50, Loss: 1.16710
2025-05-31 16:12:07,527 - INFO - Epoch 28/50, Loss: 1.12137
2025-05-31 16:12:08,667 - INFO - Epoch 29/50, Loss: 1.13136
2025-05-31 16:12:09,801 - INFO - Epoch 30/50, Loss: 1.10762
2025-05-31 16:12:12,911 - INFO - Test -- F1: 0.9162, Rec: 0.8731, Pre: 0.9638
2025-05-31 16:12:14,084 - INFO - Epoch 31/50, Loss: 1.12337
2025-05-31 16:12:15,295 - INFO - Epoch 32/50, Loss: 1.14256
2025-05-31 16:12:16,504 - INFO - Epoch 33/50, Loss: 1.11009
2025-05-31 16:12:17,660 - INFO - Epoch 34/50, Loss: 1.08424
2025-05-31 16:12:18,785 - INFO - Epoch 35/50, Loss: 1.09530
2025-05-31 16:12:21,923 - INFO - Test -- F1: 0.9198, Rec: 0.8785, Pre: 0.9652
2025-05-31 16:12:23,114 - INFO - Epoch 36/50, Loss: 1.09015
2025-05-31 16:12:24,394 - INFO - Epoch 37/50, Loss: 1.06836
2025-05-31 16:12:25,569 - INFO - Epoch 38/50, Loss: 1.07322
2025-05-31 16:12:26,823 - INFO - Epoch 39/50, Loss: 1.07548
2025-05-31 16:12:28,052 - INFO - Epoch 40/50, Loss: 1.05904
2025-05-31 16:12:31,374 - INFO - Test -- F1: 0.9182, Rec: 0.8747, Pre: 0.9662
2025-05-31 16:12:32,510 - INFO - Epoch 41/50, Loss: 1.05140
2025-05-31 16:12:33,622 - INFO - Epoch 42/50, Loss: 1.06106
2025-05-31 16:12:34,835 - INFO - Epoch 43/50, Loss: 1.05393
2025-05-31 16:12:35,965 - INFO - Epoch 44/50, Loss: 1.05903
2025-05-31 16:12:37,057 - INFO - Epoch 45/50, Loss: 1.04416
2025-05-31 16:12:40,182 - INFO - Test -- F1: 0.9218, Rec: 0.8844, Pre: 0.9626
2025-05-31 16:12:41,329 - INFO - Epoch 46/50, Loss: 1.03707
2025-05-31 16:12:42,584 - INFO - Epoch 47/50, Loss: 1.03322
2025-05-31 16:12:43,809 - INFO - Epoch 48/50, Loss: 1.04116
2025-05-31 16:12:44,967 - INFO - Epoch 49/50, Loss: 1.03481
2025-05-31 16:12:46,087 - INFO - Epoch 50/50, Loss: 1.02523
2025-05-31 16:12:49,274 - INFO - Test -- F1: 0.9266, Rec: 0.9065, Pre: 0.9477
2025-05-31 16:12:49,292 - INFO - Best F1 0.9266 at epoch 50
2025-05-31 16:12:52,492 - INFO - Test -- F1: 0.9269, Rec: 0.9070, Pre: 0.9478
2025-05-31 16:13:19,191 - INFO - Iteration 1 complete. Train size: 536, Val size: 2830
2025-05-31 16:13:19,191 - INFO - Starting active learning iteration 2
2025-05-31 16:13:20,361 - INFO - Epoch 1/50, Loss: 1.89497
2025-05-31 16:13:21,555 - INFO - Epoch 2/50, Loss: 1.83434
2025-05-31 16:13:22,689 - INFO - Epoch 3/50, Loss: 1.77972
2025-05-31 16:13:23,894 - INFO - Epoch 4/50, Loss: 1.68936
2025-05-31 16:13:25,124 - INFO - Epoch 5/50, Loss: 1.62691
2025-05-31 16:13:28,250 - INFO - Test -- F1: 0.9064, Rec: 1.0000, Pre: 0.8289
2025-05-31 16:13:29,439 - INFO - Epoch 6/50, Loss: 1.59161
2025-05-31 16:13:30,634 - INFO - Epoch 7/50, Loss: 1.57099
2025-05-31 16:13:31,811 - INFO - Epoch 8/50, Loss: 1.53157
2025-05-31 16:13:32,951 - INFO - Epoch 9/50, Loss: 1.49654
2025-05-31 16:13:34,214 - INFO - Epoch 10/50, Loss: 1.46105
2025-05-31 16:13:37,493 - INFO - Test -- F1: 0.9064, Rec: 1.0000, Pre: 0.8289
2025-05-31 16:13:38,684 - INFO - Epoch 11/50, Loss: 1.45170
2025-05-31 16:13:39,961 - INFO - Epoch 12/50, Loss: 1.41791
2025-05-31 16:13:41,114 - INFO - Epoch 13/50, Loss: 1.39592
2025-05-31 16:13:42,227 - INFO - Epoch 14/50, Loss: 1.39481
2025-05-31 16:13:43,342 - INFO - Epoch 15/50, Loss: 1.41001
2025-05-31 16:13:46,487 - INFO - Test -- F1: 0.9064, Rec: 1.0000, Pre: 0.8289
2025-05-31 16:13:47,617 - INFO - Epoch 16/50, Loss: 1.35367
2025-05-31 16:13:48,857 - INFO - Epoch 17/50, Loss: 1.35654
2025-05-31 16:13:50,053 - INFO - Epoch 18/50, Loss: 1.33264
2025-05-31 16:13:51,391 - INFO - Epoch 19/50, Loss: 1.30985
2025-05-31 16:13:52,665 - INFO - Epoch 20/50, Loss: 1.28593
2025-05-31 16:13:55,849 - INFO - Test -- F1: 0.9064, Rec: 1.0000, Pre: 0.8289
2025-05-31 16:13:57,032 - INFO - Epoch 21/50, Loss: 1.26779
2025-05-31 16:13:58,221 - INFO - Epoch 22/50, Loss: 1.26093
2025-05-31 16:13:59,479 - INFO - Epoch 23/50, Loss: 1.24383
2025-05-31 16:14:00,648 - INFO - Epoch 24/50, Loss: 1.22178
2025-05-31 16:14:01,821 - INFO - Epoch 25/50, Loss: 1.19381
2025-05-31 16:14:05,235 - INFO - Test -- F1: 0.9070, Rec: 0.9984, Pre: 0.8309
2025-05-31 16:14:06,576 - INFO - Epoch 26/50, Loss: 1.18968
2025-05-31 16:14:07,905 - INFO - Epoch 27/50, Loss: 1.15473
2025-05-31 16:14:09,210 - INFO - Epoch 28/50, Loss: 1.14642
2025-05-31 16:14:10,408 - INFO - Epoch 29/50, Loss: 1.12743
2025-05-31 16:14:11,547 - INFO - Epoch 30/50, Loss: 1.11214
2025-05-31 16:14:14,832 - INFO - Test -- F1: 0.9171, Rec: 0.9011, Pre: 0.9337
2025-05-31 16:14:16,045 - INFO - Epoch 31/50, Loss: 1.09784
2025-05-31 16:14:17,320 - INFO - Epoch 32/50, Loss: 1.09800
2025-05-31 16:14:18,505 - INFO - Epoch 33/50, Loss: 1.09814
2025-05-31 16:14:19,706 - INFO - Epoch 34/50, Loss: 1.09050
2025-05-31 16:14:21,074 - INFO - Epoch 35/50, Loss: 1.07167
2025-05-31 16:14:24,334 - INFO - Test -- F1: 0.9173, Rec: 0.9118, Pre: 0.9227
2025-05-31 16:14:25,497 - INFO - Epoch 36/50, Loss: 1.07720
2025-05-31 16:14:26,664 - INFO - Epoch 37/50, Loss: 1.06230
2025-05-31 16:14:27,801 - INFO - Epoch 38/50, Loss: 1.06520
2025-05-31 16:14:28,928 - INFO - Epoch 39/50, Loss: 1.05298
2025-05-31 16:14:30,091 - INFO - Epoch 40/50, Loss: 1.06061
2025-05-31 16:14:33,418 - INFO - Test -- F1: 0.9171, Rec: 0.9005, Pre: 0.9342
2025-05-31 16:14:34,978 - INFO - Epoch 41/50, Loss: 1.05524
2025-05-31 16:14:36,302 - INFO - Epoch 42/50, Loss: 1.04103
2025-05-31 16:14:37,608 - INFO - Epoch 43/50, Loss: 1.03785
2025-05-31 16:14:38,944 - INFO - Epoch 44/50, Loss: 1.05198
2025-05-31 16:14:40,211 - INFO - Epoch 45/50, Loss: 1.05386
2025-05-31 16:14:43,636 - INFO - Test -- F1: 0.9192, Rec: 0.9263, Pre: 0.9121
2025-05-31 16:14:44,874 - INFO - Epoch 46/50, Loss: 1.03871
2025-05-31 16:14:46,117 - INFO - Epoch 47/50, Loss: 1.02547
2025-05-31 16:14:47,537 - INFO - Epoch 48/50, Loss: 1.02102
2025-05-31 16:14:48,794 - INFO - Epoch 49/50, Loss: 1.04852
2025-05-31 16:14:50,103 - INFO - Epoch 50/50, Loss: 1.04626
2025-05-31 16:14:53,422 - INFO - Test -- F1: 0.8795, Rec: 0.7984, Pre: 0.9789
2025-05-31 16:14:53,428 - INFO - Best F1 0.9192 at epoch 45
2025-05-31 16:14:56,737 - INFO - Test -- F1: 0.9198, Rec: 0.9285, Pre: 0.9113
